<?xml version="1.0" encoding="UTF-8"?>
<testsuite xmlns:xsi="http://www.w3.org/2001/XMLSchema-instance" xsi:noNamespaceSchemaLocation="https://maven.apache.org/surefire/maven-surefire-plugin/xsd/surefire-test-report.xsd" name="ru.praktikum.CreateOrderTest" time="1.485" tests="4" errors="0" skipped="0" failures="0">
  <properties>
[...]
</properties>
  <testcase name="shouldReturnTrack[0]" classname="ru.praktikum.CreateOrderTest" time="0.353"/>
  <testcase name="shouldReturnTrack[1]" classname="ru.praktikum.CreateOrderTest" time="0.352"/>
  <testcase name="shouldReturnTrack[2]" classname="ru.praktikum.CreateOrderTest" time="0.358"/>
  <testcase name="shouldReturnTrack[3]" classname="ru.praktikum.CreateOrderTest" time="0.359"/>
</testsuite>